<?xml version="1.0" encoding="UTF-8"?>
<!-- Generated by org.testng.reporters.JUnitReportReporter -->
<testsuite hostname="PraNit" failures="0" tests="4" name="api.Tests.CartFunction" time="2.569" errors="0" timestamp="2024-12-21T04:20:10 IST" skipped="0">
  <testcase classname="api.Tests.CartFunction" name="addProductInCart" time="0.155"/>
  <testcase classname="api.Tests.CartFunction" name="getCartProducts" time="2.223"/>
  <testcase classname="api.Tests.CartFunction" name="editProductsQuantity" time="0.117"/>
  <testcase classname="api.Tests.CartFunction" name="removeCartProduct" time="0.074"/>
</testsuite> <!-- api.Tests.CartFunction -->
