<?xml version="1.0" encoding="UTF-8"?>
<!-- Generated by org.testng.reporters.JUnitReportReporter -->
<testsuite hostname="PraNit" failures="0" tests="3" name="api.Tests.PaymentModule" time="1.391" errors="0" timestamp="2024-12-21T04:20:10 IST" skipped="0">
  <testcase classname="api.Tests.PaymentModule" name="addPaymentAddress" time="0.085"/>
  <testcase classname="api.Tests.PaymentModule" name="getPaymentMethods" time="1.190"/>
  <testcase classname="api.Tests.PaymentModule" name="setPaymentMethod" time="0.116"/>
</testsuite> <!-- api.Tests.PaymentModule -->
