<?xml version="1.0" encoding="UTF-8"?>
<!-- Generated by org.testng.reporters.JUnitReportReporter -->
<testsuite hostname="PraNit" failures="0" tests="4" name="api.Tests.Auth" time="2.589" errors="0" timestamp="2024-12-19T12:03:25 IST" skipped="0">
  <testcase classname="api.Tests.Auth" name="addProductInCart" time="0.195"/>
  <testcase classname="api.Tests.Auth" name="getCartProducts" time="2.220"/>
  <testcase classname="api.Tests.Auth" name="editProductsQuantity" time="0.107"/>
  <testcase classname="api.Tests.Auth" name="removeCartProduct" time="0.067"/>
</testsuite> <!-- api.Tests.Auth -->
