<?xml version="1.0" encoding="UTF-8"?>
<!-- Generated by org.testng.reporters.JUnitReportReporter -->
<testsuite hostname="PraNit" failures="0" tests="4" name="api.Tests.ShippingMethod" time="1.767" errors="0" timestamp="2024-12-21T14:31:46 IST" skipped="0">
  <testcase classname="api.Tests.ShippingMethod" name="addShippingAddress" time="0.175"/>
  <testcase classname="api.Tests.ShippingMethod" name="getShippingMethods" time="1.212"/>
  <testcase classname="api.Tests.ShippingMethod" name="setSippingMethod" time="0.102"/>
  <testcase classname="api.Tests.ShippingMethod" name="addCostumerDetails" time="0.278"/>
</testsuite> <!-- api.Tests.ShippingMethod -->
